Flow report for processeurMonocycle
Fri Apr 07 14:26:56 2023
Quartus Prime Version 18.1.0 Build 625 09/12/2018 SJ Lite Edition


---------------------
; Table of Contents ;
---------------------
  1. Legal Notice
  2. Flow Summary
  3. Flow Settings
  4. Flow Non-Default Global Settings
  5. Flow Elapsed Time
  6. Flow OS Summary
  7. Flow Log
  8. Flow Messages
  9. Flow Suppressed Messages



----------------
; Legal Notice ;
----------------
Copyright (C) 2018  Intel Corporation. All rights reserved.
Your use of Intel Corporation's design tools, logic functions 
and other software and tools, and its AMPP partner logic 
functions, and any output files from any of the foregoing 
(including device programming or simulation files), and any 
associated documentation or information are expressly subject 
to the terms and conditions of the Intel Program License 
Subscription Agreement, the Intel Quartus Prime License Agreement,
the Intel FPGA IP License Agreement, or other applicable license
agreement, including, without limitation, that your use is for
the sole purpose of programming logic devices manufactured by
Intel and sold by Intel or its authorized distributors.  Please
refer to the applicable agreement for further details.



+----------------------------------------------------------------------------------+
; Flow Summary                                                                     ;
+------------------------------------+---------------------------------------------+
; Flow Status                        ; Successful - Fri Apr 07 14:26:44 2023       ;
; Quartus Prime Version              ; 18.1.0 Build 625 09/12/2018 SJ Lite Edition ;
; Revision Name                      ; processeurMonocycle                         ;
; Top-level Entity Name              ; top_level                                   ;
; Family                             ; MAX 10                                      ;
; Device                             ; 10M50DCF484C7G                              ;
; Timing Models                      ; Final                                       ;
; Total logic elements               ; 3,229 / 49,760 ( 6 % )                      ;
;     Total combinational functions  ; 2,269 / 49,760 ( 5 % )                      ;
;     Dedicated logic registers      ; 2,327 / 49,760 ( 5 % )                      ;
; Total registers                    ; 2327                                        ;
; Total pins                         ; 41 / 360 ( 11 % )                           ;
; Total virtual pins                 ; 0                                           ;
; Total memory bits                  ; 0 / 1,677,312 ( 0 % )                       ;
; Embedded Multiplier 9-bit elements ; 0 / 288 ( 0 % )                             ;
; Total PLLs                         ; 0 / 4 ( 0 % )                               ;
; UFM blocks                         ; 0 / 1 ( 0 % )                               ;
; ADC blocks                         ; 0                                           ;
+------------------------------------+---------------------------------------------+


+-----------------------------------------+
; Flow Settings                           ;
+-------------------+---------------------+
; Option            ; Setting             ;
+-------------------+---------------------+
; Start date & time ; 04/07/2023 14:21:44 ;
; Main task         ; Compilation         ;
; Revision Name     ; processeurMonocycle ;
+-------------------+---------------------+


+----------------------------------------------------------------------------------------------------------------------------------------+
; Flow Non-Default Global Settings                                                                                                       ;
+-------------------------------------+----------------------------------------+---------------------+----------------------+------------+
; Assignment Name                     ; Value                                  ; Default Value       ; Entity Name          ; Section Id ;
+-------------------------------------+----------------------------------------+---------------------+----------------------+------------+
; COMPILER_SIGNATURE_ID               ; 233349946651806.168087010321764        ; --                  ; --                   ; --         ;
; MAX_CORE_JUNCTION_TEMP              ; 85                                     ; --                  ; --                   ; --         ;
; MIN_CORE_JUNCTION_TEMP              ; 0                                      ; --                  ; --                   ; --         ;
; NUM_PARALLEL_PROCESSORS             ; 1                                      ; --                  ; --                   ; --         ;
; PARTITION_COLOR                     ; -- (Not supported for targeted family) ; --                  ; DE10_LITE_Golden_Top ; Top        ;
; PARTITION_COLOR                     ; -- (Not supported for targeted family) ; --                  ; top_level            ; Top        ;
; PARTITION_FITTER_PRESERVATION_LEVEL ; -- (Not supported for targeted family) ; --                  ; DE10_LITE_Golden_Top ; Top        ;
; PARTITION_FITTER_PRESERVATION_LEVEL ; -- (Not supported for targeted family) ; --                  ; top_level            ; Top        ;
; PARTITION_NETLIST_TYPE              ; -- (Not supported for targeted family) ; --                  ; DE10_LITE_Golden_Top ; Top        ;
; PARTITION_NETLIST_TYPE              ; -- (Not supported for targeted family) ; --                  ; top_level            ; Top        ;
; POWER_BOARD_THERMAL_MODEL           ; None (CONSERVATIVE)                    ; --                  ; --                   ; --         ;
; POWER_PRESET_COOLING_SOLUTION       ; 23 MM HEAT SINK WITH 200 LFPM AIRFLOW  ; --                  ; --                   ; --         ;
; PROJECT_OUTPUT_DIRECTORY            ; output_files                           ; --                  ; --                   ; --         ;
; TOP_LEVEL_ENTITY                    ; top_level                              ; processeurMonocycle ; --                   ; --         ;
+-------------------------------------+----------------------------------------+---------------------+----------------------+------------+


+--------------------------------------------------------------------------------------------------------------------------+
; Flow Elapsed Time                                                                                                        ;
+----------------------+--------------+-------------------------+---------------------+------------------------------------+
; Module Name          ; Elapsed Time ; Average Processors Used ; Peak Virtual Memory ; Total CPU Time (on all processors) ;
+----------------------+--------------+-------------------------+---------------------+------------------------------------+
; Analysis & Synthesis ; 00:00:23     ; 1.0                     ; 4807 MB             ; 00:00:20                           ;
; Fitter               ; 00:04:28     ; 1.0                     ; 5302 MB             ; 00:03:43                           ;
; Assembler            ; 00:00:05     ; 1.0                     ; 4694 MB             ; 00:00:03                           ;
; Timing Analyzer      ; 00:00:11     ; 1.0                     ; 4803 MB             ; 00:00:09                           ;
; Total                ; 00:05:07     ; --                      ; --                  ; 00:04:15                           ;
+----------------------+--------------+-------------------------+---------------------+------------------------------------+


+------------------------------------------------------------------------------------+
; Flow OS Summary                                                                    ;
+----------------------+------------------+------------+------------+----------------+
; Module Name          ; Machine Hostname ; OS Name    ; OS Version ; Processor type ;
+----------------------+------------------+------------+------------+----------------+
; Analysis & Synthesis ; ASUS-ZENBOOK     ; Windows 10 ; 10.0       ; x86_64         ;
; Fitter               ; ASUS-ZENBOOK     ; Windows 10 ; 10.0       ; x86_64         ;
; Assembler            ; ASUS-ZENBOOK     ; Windows 10 ; 10.0       ; x86_64         ;
; Timing Analyzer      ; ASUS-ZENBOOK     ; Windows 10 ; 10.0       ; x86_64         ;
+----------------------+------------------+------------+------------+----------------+


------------
; Flow Log ;
------------
quartus_map --read_settings_files=on --write_settings_files=off processeurMonocycle -c processeurMonocycle
quartus_fit --read_settings_files=off --write_settings_files=off processeurMonocycle -c processeurMonocycle
quartus_asm --read_settings_files=off --write_settings_files=off processeurMonocycle -c processeurMonocycle
quartus_sta processeurMonocycle -c processeurMonocycle



